{"level":"info","message":"Login try: admin"}
{"level":"info","message":"Successful login try: admin"}
{"level":"info","message":"Login try: admin"}
{"level":"info","message":"Successful login try: admin"}
{"level":"info","message":"Login try: admin"}
{"level":"info","message":"Unesuccessful login try: admin"}
{"level":"info","message":"Login try: admin"}
{"level":"info","message":"Unesuccessful login try: admin"}
{"level":"info","message":"Login try: admin"}
{"level":"info","message":"Unesuccessful login try: admin"}
{"level":"info","message":"Login try: admin1"}
{"level":"info","message":"Unesuccessful login try: admin1"}
{"level":"info","message":"Login try: admin"}
{"level":"info","message":"Unesuccessful login try: admin"}
{"level":"info","message":"Login try: admin"}
{"level":"info","message":"Unesuccessful login try: admin"}
{"level":"info","message":"Login try: admin"}
{"level":"info","message":"Unesuccessful login try: admin"}
{"level":"info","message":"Login try: admin"}
{"level":"info","message":"Login try: admin"}
{"level":"info","message":"Login try: admin"}
{"level":"info","message":"Login try: admin"}
{"level":"info","message":"Login try: admin"}
{"level":"info","message":"Login try: admin"}
{"level":"info","message":"Login try: admin"}
{"level":"info","message":"Login try: admin"}
{"level":"info","message":"Login try: admin"}
{"level":"info","message":"Login try: admin"}
{"level":"info","message":"Login try: admin"}
{"level":"info","message":"Login try: admin"}
{"level":"info","message":"Login try: admin"}
{"level":"info","message":"Successful login try: admin"}
{"level":"info","message":"Login try: admin"}
{"level":"info","message":"Login try: admin"}
{"level":"info","message":"Login try: admin"}
{"level":"info","message":"Login try: admin"}
{"level":"info","message":"Successful login try: admin"}
{"level":"info","message":"Login try: admin"}
{"level":"info","message":"Successful login try: admin"}
{"level":"info","message":"Login try: admin1"}
{"level":"info","message":"Successful login try: admin1"}
{"level":"info","message":"Login try: admin"}
{"level":"info","message":"Successful login try: admin"}
{"level":"info","message":"Login try: admin"}
{"level":"info","message":"Successful login try: admin"}
{"level":"info","message":"Login try: admin"}
{"level":"info","message":"Successful login try: admin"}
{"level":"info","message":"Login try: admin"}
{"level":"info","message":"Successful login try: admin"}
{"level":"info","message":"Login try: admin"}
{"level":"info","message":"Successful login try: admin"}
{"level":"info","message":"Login try: admin"}
{"level":"info","message":"Successful login try: admin"}
{"level":"info","message":"Login try: admin"}
{"level":"info","message":"Successful login try: admin"}
