{"level":"info","message":"GET /getCat/1"}
{"level":"info","message":"GET /getCat/2"}
{"level":"info","message":"GET /getCat/2"}
{"level":"info","message":"GET /getCat/2"}
{"level":"info","message":"GET /getCat/2"}
{"level":"info","message":"GET /getCat/2"}
{"level":"info","message":"GET /getCat/2"}
{"level":"info","message":"GET /getCat/2"}
{"level":"info","message":"GET /getCat/2"}
{"level":"info","message":"GET /getCat/2"}
{"level":"info","message":"GET /getCat/2"}
{"level":"info","message":"GET /getCat/2"}
{"level":"info","message":"GET /getCat/2"}
{"level":"info","message":"GET /getCat/2"}
{"level":"info","message":"GET /getCat/2"}
{"level":"info","message":"GET /getCat/2"}
{"level":"info","message":"GET /getCat/2"}
{"level":"info","message":"GET /getCat/2"}
{"level":"info","message":"GET /getCat/1"}
{"level":"info","message":"GET /getCat/4"}
{"level":"info","message":"GET /getCat/2"}
{"level":"info","message":"GET /getCat/5"}
{"level":"info","message":"GET /getCat/3"}
{"level":"info","message":"GET /getCat/2"}
{"level":"info","message":"GET /getCat/1"}
{"level":"info","message":"GET /getCat/2"}
{"level":"info","message":"GET /getCat/3"}
{"level":"info","message":"GET /getCat/4"}
{"level":"info","message":"GET /getCat/5"}
{"level":"info","message":"GET /getCat/6"}
{"level":"info","message":"POST /addCat"}
{"level":"info","message":"GET /getCat/8"}
{"level":"info","message":"POST /addCat"}
{"level":"info","message":"GET /getCat/10"}
{"level":"info","message":"POST /addCat"}
{"level":"info","message":"GET /getCat/11"}
{"level":"info","message":"POST /addCat"}
{"level":"info","message":"GET /getCat/7"}
{"level":"info","message":"GET /getCat/6"}
{"level":"info","message":"GET /getCat/5"}
{"level":"info","message":"GET /getCat/2"}
{"level":"info","message":"GET /getCat/3"}
{"level":"info","message":"POST /addCat"}
{"level":"info","message":"POST /addCat"}
{"level":"info","message":"POST /addCat"}
{"level":"info","message":"POST /addCat"}
{"level":"info","message":"POST /addCat"}
{"level":"info","message":"POST /addCat"}
{"level":"info","message":"GET /getCat/20"}
{"level":"info","message":"GET /getCat/4"}
{"level":"info","message":"POST /addCat"}
{"level":"info","message":"POST /addCat"}
{"level":"info","message":"GET /getCat/20"}
{"level":"info","message":"POST /addCat"}
{"level":"info","message":"GET /getCat/12"}
{"level":"info","message":"POST /addCat"}
{"level":"info","message":"GET /getCat/13"}
{"level":"info","message":"POST /addCat"}
{"level":"info","message":"GET /getCat/14"}
{"level":"info","message":"POST /addCat"}
{"level":"info","message":"POST /addCat"}
{"level":"info","message":"GET /getCat/1"}
{"level":"info","message":"GET /getCat/2"}
{"level":"info","message":"GET /getCat/3"}
{"level":"info","message":"GET /getCat/5"}
{"level":"info","message":"GET /getCat/6"}
{"level":"info","message":"POST /addCat"}
{"level":"info","message":"GET /getCat/14"}
{"level":"info","message":"POST /addCat"}
{"level":"info","message":"GET /getCat/111"}
{"level":"info","message":"POST /addCat"}
{"level":"info","message":"GET /getCat/6"}
{"level":"info","message":"POST /addCat"}
{"level":"info","message":"POST /addCat"}
{"level":"info","message":"POST /addCat"}
{"level":"info","message":"POST /addCat"}
{"level":"info","message":"POST /addCat"}
{"level":"info","message":"POST /addCat"}
{"level":"info","message":"POST /addCat"}
{"level":"info","message":"POST /addCat"}
{"level":"info","message":"POST /addCat"}
{"level":"info","message":"POST /addCat"}
{"level":"info","message":"POST /addCat"}
{"level":"info","message":"GET /getCat/7"}
{"level":"info","message":"POST /addCat"}
{"level":"info","message":"POST /addCat"}
{"level":"info","message":"GET /getCat/11"}
{"level":"info","message":"POST /addCat"}
{"level":"info","message":"POST /addCat"}
{"level":"info","message":"POST /addCat"}
{"level":"info","message":"GET /getCat/7"}
{"level":"info","message":"POST /addCat"}
{"level":"info","message":"POST /addCat"}
{"level":"info","message":"GET /getCat/8"}
{"level":"info","message":"POST /addCat"}
{"level":"info","message":"GET /getCat/10"}
{"level":"info","message":"POST /addCat"}
{"level":"info","message":"GET /getCat/11"}
{"level":"info","message":"GET /getCat/5"}
{"level":"info","message":"GET /getCat/4"}
{"level":"info","message":"GET /getCat/3"}
{"level":"info","message":"GET /getCat/7"}
{"level":"info","message":"GET /getCat/6"}
{"level":"info","message":"GET /getCat/9"}
{"level":"info","message":"POST /addCat"}
{"level":"info","message":"POST /addCat"}
{"level":"info","message":"GET /getCat/cat"}
{"level":"info","message":"POST /addCat"}
{"level":"info","message":"GET /getCat/scary%20cat"}
{"level":"info","message":"POST /addCat"}
{"level":"info","message":"GET /getCat/sad%20cat"}
